<?xml version="1.0" encoding="UTF-8"?>
<testng-results ignored="0" total="1" passed="1" failed="0" skipped="0">
  <reporter-output>
  </reporter-output>
  <suite started-at="2023-07-31T11:57:20 IST" name="Default suite" finished-at="2023-07-31T11:57:32 IST" duration-ms="12460">
    <groups>
    </groups>
    <test started-at="2023-07-31T11:57:20 IST" name="Default test" finished-at="2023-07-31T11:57:32 IST" duration-ms="12460">
      <class name="exampgms.Wappalyzer">
        <test-method is-config="true" signature="setUp()[pri:0, instance:exampgms.Wappalyzer@201a4587]" started-at="2023-07-31T11:57:20 IST" name="setUp" finished-at="2023-07-31T11:57:22 IST" duration-ms="2245" status="PASS">
          <reporter-output>
          </reporter-output>
        </test-method> <!-- setUp -->
        <test-method is-config="true" signature="urlLoading()[pri:0, instance:exampgms.Wappalyzer@201a4587]" started-at="2023-07-31T11:57:22 IST" name="urlLoading" finished-at="2023-07-31T11:57:30 IST" duration-ms="7524" status="PASS">
          <reporter-output>
          </reporter-output>
        </test-method> <!-- urlLoading -->
        <test-method signature="test()[pri:0, instance:exampgms.Wappalyzer@201a4587]" started-at="2023-07-31T11:57:30 IST" name="test" finished-at="2023-07-31T11:57:32 IST" duration-ms="2658" status="PASS">
          <reporter-output>
          </reporter-output>
        </test-method> <!-- test -->
      </class> <!-- exampgms.Wappalyzer -->
    </test> <!-- Default test -->
  </suite> <!-- Default suite -->
</testng-results>
